{"uid":"87ddef5317ddb84f","name":"testLoginLoginPasswordIncorrect","historyId":"test.login.TestLoginIOSiPhone11ProMax:test.login.TestLoginIOSiPhone11ProMax#testLoginLoginPasswordIncorrect","time":{"duration":60074},"status":"broken","statusMessage":"Can't locate an element by this strategy: By.chained({By.AccessibilityId: more options})","statusTrace":"org.openqa.selenium.NoSuchElementException: Can't locate an element by this strategy: By.chained({By.AccessibilityId: more options})\n\tat test.login.TestLoginIOSiPhone11ProMax.testLoginLoginPasswordIncorrect(TestLoginIOSiPhone11ProMax.java:37)\nCaused by: org.openqa.selenium.TimeoutException: Expected condition failed: waiting for io.appium.java_client.pagefactory.AppiumElementLocator$WaitingFunction@aaee2a2 (tried for 1 second(s) with 500 milliseconds interval)\n\tat test.login.TestLoginIOSiPhone11ProMax.testLoginLoginPasswordIncorrect(TestLoginIOSiPhone11ProMax.java:37)\nCaused by: org.openqa.selenium.NoSuchElementException: \nCannot locate an element using By.chained({By.AccessibilityId: more options})\nFor documentation on this error, please visit: http://seleniumhq.org/exceptions/no_such_element.html\nBuild info: version: '3.12.0', revision: '7c6e0b3', time: '2018-05-08T14:04:26.12Z'\nSystem info: host: 'fv-az583-141', ip: '10.1.0.116', os.name: 'Linux', os.arch: 'amd64', os.version: '5.15.0-1031-azure', java.version: '1.8.0_362'\nDriver info: driver.version: IOSDriver\n\tat test.login.TestLoginIOSiPhone11ProMax.testLoginLoginPasswordIncorrect(TestLoginIOSiPhone11ProMax.java:37)\n","flaky":false,"newFailed":false,"newBroken":false,"newPassed":false,"retriesCount":0,"retriesStatusChange":false,"beforeStages":[],"testStage":{"steps":[],"attachments":[{"uid":"e043b3ebac286e5","name":"System out","source":"e043b3ebac286e5.txt","type":"text/plain","size":1636}],"parameters":[],"stepsCount":0,"attachmentsCount":1,"shouldDisplayMessage":false,"hasContent":true},"afterStages":[],"labels":[{"name":"resultFormat","value":"junit"},{"name":"suite","value":"test.login.TestLoginIOSiPhone11ProMax"},{"name":"testClass","value":"test.login.TestLoginIOSiPhone11ProMax"},{"name":"package","value":"test.login.TestLoginIOSiPhone11ProMax"}],"parameters":[],"links":[],"hidden":false,"retry":false,"extra":{"severity":"normal","retries":[],"categories":[{"name":"Test defects","matchedStatuses":[],"flaky":false}],"tags":[]},"source":"87ddef5317ddb84f.json","parameterValues":[]}