{"uid":"1a26be7c25394457","name":"testLoginLoginPasswordIncorrect","historyId":"test.login.TestLoginIOSiPhone11ProMax:test.login.TestLoginIOSiPhone11ProMax#testLoginLoginPasswordIncorrect","time":{"duration":57373},"status":"broken","statusMessage":"Can't locate an element by this strategy: By.chained({By.AccessibilityId: more options})","statusTrace":"org.openqa.selenium.NoSuchElementException: Can't locate an element by this strategy: By.chained({By.AccessibilityId: more options})\n\tat test.login.TestLoginIOSiPhone11ProMax.testLoginLoginPasswordIncorrect(TestLoginIOSiPhone11ProMax.java:37)\nCaused by: org.openqa.selenium.TimeoutException: Expected condition failed: waiting for io.appium.java_client.pagefactory.AppiumElementLocator$WaitingFunction@2ffcdc9b (tried for 1 second(s) with 500 milliseconds interval)\n\tat test.login.TestLoginIOSiPhone11ProMax.testLoginLoginPasswordIncorrect(TestLoginIOSiPhone11ProMax.java:37)\nCaused by: org.openqa.selenium.NoSuchElementException: \nCannot locate an element using By.chained({By.AccessibilityId: more options})\nFor documentation on this error, please visit: http://seleniumhq.org/exceptions/no_such_element.html\nBuild info: version: '3.12.0', revision: '7c6e0b3', time: '2018-05-08T14:04:26.12Z'\nSystem info: host: 'fv-az454-899', ip: '10.1.0.193', os.name: 'Linux', os.arch: 'amd64', os.version: '5.15.0-1031-azure', java.version: '1.8.0_362'\nDriver info: driver.version: IOSDriver\n\tat test.login.TestLoginIOSiPhone11ProMax.testLoginLoginPasswordIncorrect(TestLoginIOSiPhone11ProMax.java:37)\n","flaky":false,"newFailed":false,"newBroken":false,"newPassed":false,"retriesCount":0,"retriesStatusChange":false,"beforeStages":[],"testStage":{"steps":[],"attachments":[{"uid":"db03c22955905cde","name":"System out","source":"db03c22955905cde.txt","type":"text/plain","size":1637}],"parameters":[],"stepsCount":0,"attachmentsCount":1,"shouldDisplayMessage":false,"hasContent":true},"afterStages":[],"labels":[{"name":"resultFormat","value":"junit"},{"name":"suite","value":"test.login.TestLoginIOSiPhone11ProMax"},{"name":"testClass","value":"test.login.TestLoginIOSiPhone11ProMax"},{"name":"package","value":"test.login.TestLoginIOSiPhone11ProMax"}],"parameters":[],"links":[],"hidden":false,"retry":false,"extra":{"severity":"normal","retries":[],"categories":[{"name":"Test defects","matchedStatuses":[],"flaky":false}],"history":{"statistic":{"failed":0,"broken":3,"skipped":0,"passed":2,"unknown":0,"total":5},"items":[{"uid":"da200034d6ff411","reportUrl":"https://cnoronha843.github.io/noteitAlureReport/55//#testresult/da200034d6ff411","status":"broken","statusDetails":"Can't locate an element by this strategy: By.chained({By.AccessibilityId: more options})","time":{"duration":57752}},{"uid":"7b95ca0c17e0dff4","reportUrl":"https://cnoronha843.github.io/noteitAlureReport/54//#testresult/7b95ca0c17e0dff4","status":"broken","statusDetails":"Can't locate an element by this strategy: By.chained({By.AccessibilityId: more options})","time":{"duration":57124}},{"uid":"c28f212aae150a6f","reportUrl":"https://cnoronha843.github.io/noteitAlureReport/53//#testresult/c28f212aae150a6f","status":"passed","time":{"duration":40181}},{"uid":"91dd9c9308ba0373","reportUrl":"https://cnoronha843.github.io/noteitAlureReport/52//#testresult/91dd9c9308ba0373","status":"passed","time":{"duration":37975}}]},"tags":[]},"source":"1a26be7c25394457.json","parameterValues":[]}